f41ad23c6b6bbeaaf58b8d6d08899611dd85e71a Update UnityCommons to 2.1.3
a5cf5a4ea65358bb389d36a6b81b12a8c2af933c Optimize usage of `IfNotSerializing` in TimeNode
8411ebfddc15e7c8d20392278130bfa9611059c9 Use `IfNotSerializing` everywhere
acca913760e86608fbf63b5b04e9769cd9a31daf Remove OdinInspector dependency
f4eb671f64caf5484d26231f96a625d066ad023d Fix namespaces in testing folder
054b057ad704683c3e1e88ef3aa70c692ae0408c Fill in package.json fields
55320df2f7a164bd2a325b537893c3fdfe20a435 Fix Curve Generator demo
b5880add9d29deb32888d95ce7be2511bcecfd44 Add Knots and Curve Generator examples
663ed0cf5a57a2edf658bb41f1889111d4312c58 Add SetCurvePosition node
827091ca39dfd6294f8eadefdcd4e52b91630d85 Move Transform and Reverse curve nodes to Transform subdirectory
16e0111834d9dcd6a31d2940219d3267c66fcd83 Change Solidify example
d50cb73ba0c031a4323aca37deafb71b2d703ca3 Add SolidifyCurve node (alias for CurveToGeometry+CircleProfile)
2a07cdc64ea8bc3514ac6b74fc937f9f2539a4e8 Tweak BooleanToggle style
a49da07273522504b294eb099cf88980bcdf960d Add RecalculateCurveDirections node
a4dde2b2156cdb1986497b5fd7d766dea91fb37c Add BooleanToggle and BooleanSelectionToggle UI elements
bc32b5c12172566992631404633c2768f128ccb5 Tweak experiment code
9077e598f0bb96c26e06d6800a8825f6b42a843a Finalize implementation for RecalculateCurveDirections
38d0c6f53272ae60d0a8dc6230f63b7b7fb9a3bc Add experiment/prototype for recalculating curve directions
b6fa6b77e5c1ba64530c6c2f027f102bb75c3afe Make CurvePrimitive nodes use `IfNotSerializing` utility
c96c3d1e3a8384ef3f8e5f359c4a8c60f738f8c3 Work more on Knots example
db65af29e131f95a15b9e4a57598e99159a23403 Simplify TransformCurveNode
91c9b4349ffdee5681912911cd0b9fd0ba890347 Make sure GetValues yields enough values
52949f1958cb938a22c8b934070c9ddd9e68a0c7 Add EnumerateCurve node
98113169b31f745bf399aaa876f481e1e23cd60c Start working on Knots example
daf9661f15d040de73d5af66b5f74755852d3305 Prevent Time node evaluation during serialization
9e0f952f30748dadbfc7bf2d8138031d739adca0 Add IfNotSerializing utility method
0217d9cfa005027f7e2ed87cbb23f52fdb0781e3 Adjust bracelet scene
552e442b77390e21ba395cf077e26aa1b8101382 Remove MeshPool and reuse meshes in place
6d78496a88e76d64b13e14365b5ee8ee97b2966a Make BakedInstancedGeometry serializable
77c9e9ba699352637690a3ea49612b75175cd4ea Change bracelet scene layout
8c5f184cc7f6e262350d661567190a9f1fd3c745 Finish Bracelet example
a4df8f8c853fd25edca8a2d30570023707b98271 Improve UX of TransformCurve node (isClosed/changeIsClosed)
70fd5566931e11d148c4a381030dabf546d19df8 Remove unnecessary/leading whitespace from solution
667b5d4454ef718ed8165102966adce3b55b7df9 Switch UnityCommons to version 2.1.1 on branch development
f770643f09b4a1c4db230b83cc9ef37e56a5300c Add ResampleCurve node
4a49ee5546d4a8c0ad91ede0ddf6a497d207018f Add safety checks for curve resampling
0dbbcca6e1a9f0e80dbd48817cb681b54f839d7e Finalize and optimize curve resampling implementation
c01f86a5914437883e77ec772a13be3fe1161307 Add `CurveTypeUtilities` class containing `MinPoints(CurveType)`
ce4d908b8ebde135e9d1bc0b4f42d4ae6a052ff7 Move Curve Length method to `CurveOperations` class and add Cumulative Distances method
b87f20b800f47961e647696aedc40aa88bc6af63 Remove unnecessary/leading whitespace from project
d7d3a6c841ffa1910229c21a7f3d23f4d83bf7e7 Add prototype for resampling curve using number of points
d734258e6c7b4ddfd1c9343f65a38474ef1e0b76 Remove unnecessary/leading whitespace from project
4ff45c85bdeab8700d77829cc9fbd8b5f64ea214 Add `Count` and `Index` to AttributeEnumerate node
72fa556f09460c96e93402be0c8a750993012598 Add prototype for resampling curve using distance between points
8cd30169d1e4f161f9820d652c01f9918406e8fe Add `inverse_lerp` and `inverse_lerp_clamped` to math_ext
1ea1c6606bcd4f1feb28675183eaef0ddb699613 Rename lacunarity to frequency in `Noise.cs`
8122a3eec35b895921882c07c41dc798e2c11678 Move curve length calculation into separate class
e43af29f8b6dc185d525df5d60aeae63e815e256 Fix invalid minimum for lacunarity and persistance in Noise.cs
c63cbb08efee441d4ac8faaa498bdc97e116fe07 Add beads to bracelet example
0bca224f4cd8325ea271e9e43c6061561c593eca Add support for rendering in TestRealtimeGenerator
39cbcd5de2868a995508e0b2930612266918843a Improve instanced baking check
edcba4887b6542d9d6a29a48cba5de4586dd9d23 Make `GeometryGraph.RenderInstances` internal
6f9194ce62ee1ee8aea4fef1af81684cac4e9538 Fix null reference when removing edges
4660edfc95b058c72c5a9bafb53e0edbc10a49e1 Fix ObjectPool not being initialized
004ee3bd93d06dd09c3f6ead20adf3a54b5830d2 Prevent NoiseNode from calculating during serialization
8c6af1b3570ee5d5cc977389631c35945a83c775 Work on bracelet demo
18b0c886bc8077c4145cf59abea36cb2ec8c12a6 Fix invalid cast in RuntimeNode when handling unmanaged types
67669ad848996b151eb28dd0b182e7847c9d2d7b Remove old TODO from GeometryGraph
ba572cebb13d8a6a9973d1b5f2b536576d978e6a Clamp ratio points to points range
7839455d1c48c93cad0cdb39de6e43e8fad9d7ee Add DistributePointsSimple node
64064818ca9bfd80a11d3e50cf612477f9c5bad5 Add experiment with generating points on a triangle
59e74ac0bd992d83c3f4d59ddfe0c8437a2e89f6 Add Noise node
d748933af6ad6cd4867cca4e7822211246cced1d Add Grid node
9aad11a64d1ca65c07caa2a85c2f9df02c15a018 Add more compiler hints in Noise.cs
e2e376c12b104ce799e1b01081e7115a3b2eea4c Add attempt at implementing multiple material lists
3055d7752df93db9df718d48eb243b3f763b6173 Implement `GetHashCode()` in GeometryData (Closes #16)
f633e83085d7d4717d88551ce0c41cdad8e60c21 Add TODO(#20)
5b4598cb00cc1c1f20ab0a975b83b1e75bb4846b Add TODO(#19)
f4408320fdcd3b7b47fedcecc7ddd1f87012147f Convert T, R, and S into float4x4 in `InstancedTransformData`
968b43480bcd137e4415816afe9f3443c6d78c6d Split instanced matrices into draw calls while baking geometry
fada50409df734d6ef5a1ebbf89a3b8f40d3154d Add Simplex Noise class
423f00b57272c9c909055db75245090537eb14a4 Add support for multiple values in TransformCurve node
b786760701d7871728335c87d1d7cdf09b12329d Mark mesh filter as unitialized if changed
3ededd5d0bf5a768fb36db6be96212e07aa8a860 Fix GeometryGraph mesh not being assigned to mesh filter
671c91cdc779bc56ee42ab73568ec926db53a957 Fix TransformCurveNode input curve port not added to node
46be554b0b0fdb21d0c43d16d5ac32e434914759 Call Node.Deserialize regardless of deserialization source
d1a061281793e457da8a6e3f943d970ab583f927 Notify Time nodes when evaluating graph
9369a61cec3517d1c8d6bb99ec0926668f08fa26 Add editor implementation for Time node
2859e0547c42852ee2c4bfcc0ef7f8799d41dd00 Remove debug buttons from EditorView toolbar
f96792b39e3202b1c2f6049c10ec6da3b4a4bb64 Add runtime implementation for Time node
a3ea84bc9d3dfca73a38a0ccf74303c853f894c3 Convert Curve Primitive nodes to codegen
475b40b049c462ed03f1d25b68fe80e256d94842 Clamp CirclePrimitiveNode fields when calculating
685641d127c33a002de3f4ae1c4a31a273ca6837 Use target-typed new in project
1992f780bbdbb543de863a7ab2cca66d7c3e1ab5 Remove crease built-in attribute
53fa7e77177b86f5ffbde652dce5cfdce1a568fb Save graph zoom level and restore when opening window
42f1e5f76b80c56284b109339d17045245c35e9d Save graph position and restore when opening window
34ea866f439c368071629aa5124bef1fd84e61fa Add keyboard shortcuts for all actions
2f4a6ab5a5646ba87ec39c78f7e6a634783fba59 Add String Property nodes and implementation
c2e5d9a0dbf9ff8fc6eb75a10b1c47c1542f3f54 Mark unprocessed switch statement values as errors
abbefb6bcae9ee705b50ff648c56fcfa51f97778 Add String property type
f63ed4d24e029697dd5d36ce2b06fec0b35e43cd Add editor implementation for StringValue node
1997acb596872da152f2148a7f13f8bd357cd03f Remove unused using statements from project
d149e49babe1b6f353d7c889e859b93244bc6006 Remove `UsedImplicitly` attribute from all nodes
aad1007bdb18098473e51fb92c99e447d79edbdd Add runtime implementation for StringValue node
b8692e905b9ddc8aa98ab4d3824cb4082907fae5 Add AttributeConvert node
bf5eb611baa08f729e326858505f619a9f2700ae Move serialization callbacks after the serialization occurs
8707f8199346cb431086ab76a0d605ace3a2d581 Add a temporary fix for exceptions after a change in serialization format of nodes
bde7054c19ef03c4412bf97bd83b70e045cadedf Bump Searcher dependency version to 4.9.1
ef8ff20b40ba5f9a5c6e2464028a043f1bbc2f94 Cleanup AbstractNode
588bb9b87e10121b9b88ff078c3a1c651e43990c Rename `GetNodeData` and `SetNodeData` to `Serialize` and `Deserialize`
e0c20652b0c214c8942f813cfe21b9f44a947879 Make `GetNodeData` and `SetNodeData` protected internal
27e3ff0fdf4f287e5b4427dec19f495cede86576 Make `CreateNode` and `BindPorts` protected
36c143cf7f5360169215ad5c95829bd7e4057f45 Add Title and Category properties and remove Initialize from all nodes
84acf3d8598edeb77f95e9666678608717ab3eb5 Add code_refactor_helper script
f68023fe2ffdf288cde1ca4de5141f1a7e722491 Rename `InitializeNode` to `CreateNode`
5aa8bf3b2462f3de985bd458b8b8bd0cf6cf0667 Rename `AbstractNode.GUID` to `AbstractNode.Guid`
4b737e76f9282a891c3efd41052ea3c29737741a Add editor implementation for AttributeMapRange node
1d15b7363cbd898752da8f0c47269cfb50e99240 Add support for inlined Vector3 fields
ebae9f5df2642faea8467db8849ec51e37a2842b Add `AddClasses` VisualElement extension
5641c49d2f05f7525e20d928abcd3445c3ecb2da Remove old and unused class
1db6e734cbd4cbeac063eb630da557b328df5d59 Add runtime implementation for AttributeMapRange node
edeeccce67a475f51d3d3edfc66f3fecbed3955e Add UITester node
1d3f5635444c3d5c97a775d07d7c663cce9aaca2 Add FloatMapRangeField UI element
7f051139cc4e604cc787527b7b3d8da1c3b720c9 Add editor implementation for AttributeClamp node
f98bb2588a892f7b309fb07486e4f3b1d309fd86 Add runtime implementation of AttributeClamp node
96f33f4869a6696d8a862f7304d2d8fedf38ca74 Add editor implementation of AttributeCompare node
d6cde8b5b4c5431b82ccdecc26ae89f9035f2f76 Add runtime implementation for AttributeCompare node
50cd279cde6804a0f031dfd4da2f45e3520352dd Rename property_generator to codegen_helper and add using support to it
5406986f5c8450c6ad40244ea506eefed0213194 Add editor implementation of AttributeRemove node
1aeb13bdd838c4d137212bafb47fa6d7f34369d9 Add runtime implementation of AttributeRemove node
98acae7ad4a5e22328a9c8f21320ca2760f4f940 Add HashSet containing builtin attributes in AttributeId
efa835db185971b3dad317e3802227b1eb217e6e Add Mode to property_generator.py
49d576609a9ae3dfdcb1c9f43e1a520b589a4157 Serialize `attribute` in AttributeFill node
4178b4149a0e00937427e5f3a8543ef017770f99 Add editor implementation of AttributeEnumerate node
6ed8c83b2bae67d6f3dc5323aaa47206ace73d2d Add runtime implementation for AttributeEnumerate node
1154e9e885260ee8444e1b649d397e639b235233 Add editor implementation for AttributeRandomizeNode
75ce863beb2ee1a8cd51a2acd04782ae12214f04 Mark runtime implementation for AttributeRandomize node to generate implementation
004706c99c26fc06d8ffb5bbfc9071e4814d0089 Set default values in Attribute nodes
2413f49c30abae976f44f5dec69c606e7e961750 Add property_generator script
15aa84ea1e09d716d6ff2fdad3f7978817140328 Add runtime implementation for AttributeRandomize node
2b9703f8d3c5973754b2615770231a41e6964f2a Add RandPlus class with float3 Range method
0b7f01d25686cc21b5ec769761ca8ad325208fde Merge branch 'develop' into feature/attribute-nodes
f74a947b96c534295a79c8e89e60daadab9aa3c6 Add editor implementation of AttributeFill node
46e3d0ffd0e2569df1d801007e5ff604079fcf23 Add runtime implementation for AttributeFill node
a6f402232b06f732275529402921b3896ac3e41e Add getter for Result in AttributeCombine and Split nodes
50f2a667a9c3e3d79236a0d1ed79f8e33f58464b Add support for removing attributes
fd66c6a085c8d87cfd61fba5a292eb9783432e77 Store attribute in correct domain in AttributeCombineNode
8feb5585f328fd642d4d8360cc79973a38b7eba7 Add domain dropdown in AttributeCombineNode
22e5601d0339cbf9b0a5845aca63177148b579e0 Make port property setters private in AttributeCombineNode
cb0f029620161cfd6d14cf3c405d59167f234d01 Fix vector3 port backing fields staying hidden
7c72b5279c36dbe56279188c19299bb358a529d6 Remove virtual call in ctor in BaseAttribute<T>
4358f64cd19cd5df866bc528a9f6ba0701a2e6d6 Add AttributeSplit node
89319ecbc4bb3765beb9cee1fca3cc6cd74e8d6e Merge pull request #18 from TeodorVecerdi/imgbot
827824038a830fa2631884c08b40ee3b2035b3b6 Add editor implementation for AttributeCombine node
0c2680f02462feb83481e7a47984b321a51daf5f Add Attribute node category and color
a6ee8e8be8a9ce0f473d8c085549c6c0a175caaa Add runtime implementation of AttributeCombine node
f639d120c3a4d8c8413a0c1444b071d72fa8ee6f Remove Spline attribute domain
f890b16b743f2b7f0e498e19c0429c58a5bbd192 [ImgBot] Optimize images
a3bb4fd499b624cae2b329a20b92f1d3c4714d26 [CodeGen] Add `using GeometryGraph.Runtime.Graph` if needed
c65745551fb6593e7f60e66360f3a5741c593af2 Merge branch 'feature/instancing' into develop
a29db480f2a58eb359354964118bd3a14c9d3b72 Ignore Kenney assets
92ac787d9d08eed46425860fbec73151ff63162d Add support for more than 1023 instances
928b706a6b2e00268cc344615ad9c314d4bd9c4a Fix collection property node null exception
041fc1b3490b5c91998df7eae80e087aebe05a90 Add Grid Node
823eb442e91cc877e4534f29b4521643ff5ca764 Fix toggle button names not updating on undo/redo
1d62ccd64392ad81bb39694412188e01acf3e9ca Change GeometryGraph script icon
71ecc4811021a69968c0c3d119e34df2f0f2f00e Revert back to tinting header image in light mode
00d399a380445e6df5a9a1df98ba8c1f96ad1b6a Improve UI/UX of curve visualizer settings
ac7b0d719515043da5d4f75c1e0e6ca27eeba94d Add WithClasses extension for VisualElement
4e890655ebee857b378bae1cda5d8a5c65e07ac9 Setup custom inspector icon for light-mode
9985aee9d7ed447466599a38a5885d45d7c4146d Add light-mode version of inspector icon
316c00eb3180d4f11f1d35e42997afb7f3090ca7 Fix null reference in GeometryExporter
921aa9798c953db2654398f263d3985735a0686a Ensure correct property state when evaluating graph
44c470fc6b98d589798992d490b61413c713ccb6 Add temporary script for evaluating in realtime in the editor
b0dab137de6ef6a37b4ddc636e8026ef6a505133 Fix null reference exception in TranslatePoint node
44cb4087d2a6967ac8b104c661899ae9d9d45cce Fix incorrect calculation in RotatePoint node
ea558ec86206a179ec025c4ee40a37537193da77 Add quaternion utility functions
efed639522f056faef66173bac9f9cf635531f6e Fix VectorMath node calculations throwing exceptions
6ca63b9d692c23bb49e02e0c1ee6b5c4865658d5 Add GetPosition node
2d83ca64bb9f34dbad5faa86c585f92b6ce7e483 [CodeGen] Split RuntimeNode Deserialization method
08b39e2fe81a80c5a1e68ad2dd18faebba616810 Fix graph being imported unnecessarily
d3b497647320d4d07e5e05de281c4004752d856a Apply owner gameobject transform to instances
4f326e714965da5d32d01523ee5f8de7ce20e9f5 Add check and fix for instancing materials not having instancing enabled
16bf0fa7504dd2d13b5fcaba4f6b26332109efd8 Add GeometryInstance node
8c8d588fe64d2c6090561f87a4361a62b080a99a [CodeGen] Add support for PortType.Instances
870cb1939d286822d65a79163cad6b919730ba87 Cleanup GeometryGraph Update method
770bafec565b18de198676ea1841fe3176753369 Implement instanced rendering
7882fb3357482ba92fed8f9faef5e467fb3f3bba Implement baking transform matrices for instanced geometry
988c13a2897d19ec109477966b958eaf9fbb17b5 Add TODO(#17)
74377137d859238e2db17af1e0f047225c608fc9 Move GeometryGraph monobehaviour related scripts to Scene folder
544cdfd16af9042f86e5c14bbac0ea1b5a1ed2c6 Add port and category colors for Instances
fde698316eb57c4c9dadc3ebfb351083a633e3cf Rename InstancedGeometry port type to Instances
016dd3a5703b9d675f931b97cfefa6b4bbfd4475 Add instanced geometry settings to GeometryGraph script
52a9c82e5f8d7cdde8c509c797e552d108fde3a2 Cleanup GeometryGraph initialization
67614e973870c4d976d65413f578c97fffaf9ac0 Fix unhandled enum types in TEMP/CurveGenerator
0a8e94ffdedfdb98481ab837cf56239903bb7f0b Purge scene of old stuff
701c8252d26a2de23cf2ee4dcccaebbb143257fd Change inspector to have a field for mesh filter
deb6e1870e414de8922cb5eb090f0530ebc0298e Make GeometryExporter a normal class
dc256eef386898654962a533343b47a2039f6877 Add TODO(#16)
f489fced1ef52dacbbd7506a6d7e8843e0295513 Add basic support for realtime evaluation
d8ab51e6c22958f3225023f8cea980c94cc0c13b Add wip support for baking instanced geometry
71d36d9bdf67d768e95712233c29af3386620a3f Add MeshPool class
539c614f45785b3e6ef4211906992704cd71dd68 Add abstract ObjectPool class
b802a2dc923aa6493770d08fb272f640c7e5907f Cleanup GeometryGraph API and add support for async evaluation
fc240a97e298e9a9f40394dc149fdfb3e4a4e9cc Add InstancedData to evaluation result
8ff800e1881f76d5ef00e21e462efcf7d356d494 Add some misc utility methods
e17d6d66e3a04008c46f0233cece458b32aaa9d8 Add instanced geometry data type
10d5e11b5264490a7ec9d5038d9a2d9f89d225b8 Add instances port to OutputNode
5872ed301a526f31fb20904a70a8bc83b0c2a067 Add InstancedGeometry port type
566e10f9e75478fff6786638bb4ec2f5dbf472d9 Investigate desync issues
2c591981b86c92cdbcc459e0c80d1adfc14a092a Add support for property reference names and setting property values from code
a4fdf52711f066cef4e9fb4f9bb6652d29b6fd91 Add support for configurable UVs in primitive cylinder
90878c0f05bad06a1a5136321fbd1f9e432fef5c Fix branch node condition port types
5a3d6a80e66677e226f39f6f0af5e7631eeb897c Cleanup directories/files
688d5d2a95c1e4809afc44b36ab2ecb931c8b09f Fix margin on vec3 component fields
64aa27854e90677435fc611b88a40aed77d2da9f Reorder menu items
5f9a5f4df7352160f3ddfbc1453f51ae48dedbfa Delete phantom instances of RGO and GFO when creating graph
85b034430bb62107c32584b870b7c360b0659fc5 Fix null references in transform geometry and subdivision nodes
ede52e4f867fe7f70f0c4980490ad32dc1c8a4fd Setup category colors
e54621d2fb600950c62da171d4ad16c28dc4c9b2 Implement node categories
af790999f8bbbdd2ff46223b66796b36f7248b2b Add port colors
3f3f92221c8aed9cfc4bab273eb8e79615d44c09 Add keyboard shortcut for renaming properties
42170c3da9260f1d88d9dacf7b3a6aacc8eb210c Change blackboard property fields to use field label as the label
95ef23ba449608457ec8632d3143a80ab7b58531 Convert TranslatePoint and RotatePoint to work with multiple values
d0521a99c90de64e9c603fe18e10e09c2e0ddc1a Fix curve-to-geometry profile uvs
cfd78537d2b622af714ac7263dfded6e9344306d Add null fallback calculation for primitive geometry nodes
d33d2af33a1cbbc2518c4650d529d76a2ed0ee6f Add support for clearing mesh if output geometry data is null
bc51127d4c18f4f4553b795bef3afb4218f6840d Fix incorrect handling of undo/redo in Runtime Graph Data
7dd062b5150fc9c5317bdce1d6f3789f6457360d Fix cylinder vertex order
e015a1b53bc3d91a7e07b667e653a6e38dcf9cb5 Fix Cube UVs
5ea43ac483b14151092008790165cfa8a4bac6d4 Fix invalid curve null check for curve visualizer
7a9f0b0f882b6e91b2a523261b125a2e4cd3f61e Make CurveType.None the default
7484ea588e52160771ef38897077090cd7284bea Fix inspector light mode theme
49b1682dc8b481a3067a1a7e3a015b622e00d4c0 Remove min/max sorting from IntegerGradientMap node
8e320d9e83f8a82e13d94f821ee5b6f9b73bd162 Add support for multiple values in BooleanMathNode
2309f59dcc4fa357ff2c061e8bc06739a8a9bde4 Add support for multiple values in VectorMathNode
52456c828d4bd2cbe8a88bf4b7a239489f27ab92 Add support for multiple values in VectorBranchNode
9824ab1dec47decb180c187a87df99474650b5f5 Add support for multiple values in SplitVectorNode
7e9d503a4c1f9f18cfa8f0c37a77e782b31be8ea Add support for multiple values in RotateVectorNode
1bdc1c50e307649a1f5319bc0b39185a1db0f0b3 Add support for multiple values in CombineVectorNode
94955c20f4d3d91d50b6213ae95d1b72b160cd44 Add support for multiple values in MapRangeIntegerNode
37ba20ab7b1e55aa3e16a471a3cb5d33816a1b59 Add support for multiple values in IntegerMathNode
2b55f2175de2ae0a61472e0be335eac242476f02 Add support for multiple values in IntegerGradientMapNode
00f04763514eb0b31de27dab2455425d7b51aaba Add support for multiple values in IntegerCurveMapNode
f97d2c139e5d5456f4b6b47af2d0175319636033 Add support for multiple values in IntegerBranchNode
6d0b617ef76782e1f28559f41b85c47b0449f77d Add support for multiple values in CompareIntegerNode
d0c15ecda9a8d5ee29a2ff02ed9fe8385d9caa37 Add support for multiple values in ClampIntegerNode
1b83d42f4bf0faa9b7a19e45b166f63fa69768b7 Add support for multiple values in MapRangeFloatNode
867546892dbdc60adad6d5b28125cd5caaef2e5c Add support for multiple values in FloatMathNode
a8d941ffcbb9950460382ea431529e8a5fb74029 Add support for multiple values in FloatGradientMapNode
b1055de068e1bb12c9f681388d6e8ab2e8284465 Add support for multiple values in FloatCurveMapNode
bbbe4e8be73b36fa9adaa56902ab1ed7beeff940 Add support for multiple values in FloatBranchNode
b13dcec6d0929ba27c9c84855bac590abcf192ed Add support for multiple values in CompareFloatNode
1f8b0e10661028f97afde24f3f349e44c748c985 Add support for multiple values in ClampFloatNode
2c2cc0821ceed7891f8120245b420d7498e3e6a3 Update project to Unity 2021.2.4f1
9862cb1ce09698b419527bec82ff7919e7e42a91 Fix unity crash when creating a new graph object from inspector
94eb80eeb88e510b80fc4903016dcde901163f97 Convert uss files to scss
ba24aefb7dabfcb9752308159ad9a0e1d74e8aa9 Add Evaluate button
7ab21eb47b57c727c8decf6c7ea4c99bacc60e6f Fix EditorGraph not having the real runtime graph after first creation
3770bc1b0e5343853a6b540e74c646bfa159f8e2 Integrate Curve Visualizer into GeometryGraph (closes #13)
f5bf99b05745516aebb32369ee3155f898d3e81a Add Curve Visualizer settings to inspector
97f43a147766a75358a934e4668ea0e72301d829 Add tabbed navigation
a0bf7020cf8e284d5892df6db1fb8c683f8fdd17 Add new icons
3358ae46d019c19e2a2c0ef230ccf15c283b7771 Fix property default values not being correctly updated
5bd20b8c90eb0d3f3c5c34f9cb3bac3194303047 Move colors into variables
38b4402b15e39b2565388d41ab142a687c5dcff8 Remove .uss.map files from git
a93b7c83a9ecba7d512be041aba9bff240dc6218 Remove meta file
f3608c561f9be6d236c354c871bea82445a44d55 Start implementing custom inspector for Geometry Graph
3f00fe7a410dee6dc4c08e63fdd0d157e4fd8692 Remove old assets
b251290b8a3efdd96ad01b856b2d47bd496f59a8 Fix AttributeManager cyclic serialization
6f4f5b3ea51bf39d3bd3494c98c008635e506604 Add new logo/icon
af9829c7122fc3f406cf4a62dfe6a7b618177616 Fix hidden fields getting shown when showing port
22c99b33036d6ddcea5ccc6f3cd0b1bc6af21af3 Remove nullable from property nodes
fbedba5bece8c5efbd6ad590008b7f9fab795662 Cleanup folder structure
0866b0fffa3384635f8b53c02d459cb9aa10baba Write a better ComputeChildrenHashCode function for GameObjectProcessor (Closes #14)
81b829af458407cd0f58bc3824fcfbae777e1d93 Add some sanity checks in RuntimeNode
56ceb1517bf9b9b2d495341d5af1c365794bc594 Remove old reference code from DialogueGraph
8b5b6b21c587c240df2ef8f6249683a57b03e4f2 Use explicit type instead of var in whole project
0b1fcba1572734dcca834911cf58a7e1b45a0470 Remove old debug log
db67527e2899644b3f1cc46490cab101dc1eb054 Make port fields take up as much space as they can
1cd7e746ecaa971dae5042c1bfd28035ed3a377d Add IntegerCurveMap node
b901b9b657e9434c4310b576d18680f21b292b8b Add IntegerGradientMap node
b5db565cce61ae64525a79ad3239dd33ebefa1e1 [CodeGen] Fix incorrect indentation of inlined method bodies
b7c426ebbcba41fc4efd233d88a61814c07f1062 Fix incorrect node title in RandomIntegerNode
b5e502193d22662a6e2a17fa8a40a240e7734352 Remove debug logs from GraphFrameworkObject
891dfb76488385e41bebb1d25951db0a659784a3 Organize/cleanup VectorMathNode
b8adc5e62f3b25ba677aeb8442535b06e74eb46f Fix exception in Gradient
a59d10008b0bd937c2aa1b32dadf010b10dcdacb [CodeGen] Add support for using aliases (`using x = y;`)
d9fda1d3151bb82f4f90c9369d49ece81f316041 Add FloatGradientMap node and Gradient base implementation
631112efd7eef2598416d131714e78fd0fc8d7af Add FloatCurveMap node
93718a0526cac8b618622d859b0809d1a65f2ee5 Implement wrapper for AnimationCurve and serialization methods for it
21d45e4a68c0dfb10e0d574481f48fa41ef0924f Add Debug node
2044b6232d729ffa088504bdf039261bbb30866f Add ReverseCurve node
acda3a5ca181a52b72744d1e10f2a89e0aa87e53 Fix missing using statement in generated SetMaterial node
0a534269fb1bd19967a5bc72303bc163099d873e Add CurveLength node
293a4e094b60cc486157fee34d66b0492b152fdc Add SetMaterial node
c655fe7329f85ddeb77abb6be1c0e7fd84249488 Add AttributeId class with builtin constants
7f36c8a9d8957a7b8f3d543277afa1fb1c8822c8 Add RandomInteger node
d0f77eba0780740264e2a4e88a3800cf793a7759 Add min and max range to RandomFloatNode
d2e652da363cf2b37ea08f54501cee06493e2aa5 Simplify editor port creation
1c732ad23ba1b4f3cc56990fd68f0c0db30106ee Remove todos from attributes
54dcc53d74ba12144b1a6ef5d4d8a609bd587e5c Remove generated files from git and CodeGen changes
b4bc45cac738dd30804cd9822682571f050d51f2 Cleanup curve nodes
f8332286e13da997ef8b5ac76bda500b4faf9028 Fix incorrect constant in CirclePrimitiveCurveNode
0f00443893d9e6f417838728c3104f419eedf559 Convert curve nodes to codegen
9f50145da1498e3911c84eb852ee35b39a2ae3fb [CodeGen] Rename CallUpdate* to CallCalculate* to be consistent
72ee30fefdd019406c762daaf6e170a3f8ac3009 [CodeGen] Add support for disabling Update and Notify method calling
a42cf77b65fb00837f3eea57c9a182b1f475297d Remove redundant use of UpdatedFromEditorCode
e3ab6553a389b45af68a3130ec9158cf1e352161 [CodeGen] Improve automatic semicolon
92e02e1c0f2d4d993a99e573969b0d549ef407e0 [CodeGen] Disable updating from editor node for Curve and Geometry types
2a4aabae05d6509ca2137ee33c58804c9752fb5d [CodeGen] Add support for nested enums
d5dc159839b73f158168a927106f2c40228cc78f [CodeGen] Move OutputPath to GeneratorSettings
7a2b8c43d71c386f0ab4ff7e211701b4c8b620bb [CodeGen] Remove Jetbrains.Annotations from using statements
f2c57517355c4de29cd7cc300d7c5e3b9839f71f Mark TitleAttribute with MeansImplicitUse
b43095bfa9ec16bb1c739fd777fc5fb899ca77a5 Convert geometry nodes to codegen
309fcf02ab803a10123019846846f49507ae8e68 [CodeGen] Remove unnecessary using statements and sort usings alphabetically
6ee8e3c517e4a7ce6dadb73153cf34b7931e6290 [CodeGen] Add support for custom code when getting new value from port
9e55708c6989f4ae87a8f9e6b57eecbde3d3d4ed Add limit for maximum subdivision levels
0a3e5ef7a0bf4ea6db6bc6f377578358373c0a62 [CodeGen] Add support for custom code for updating value in OnPortValueChanged
ce44f26b1cb37d30eccd475d258f29e30b456733 [CodeGen] Add support for custom default values
28a23d6fdeb0de7d55ac910ce726327726d641ab [CodeGen] Add support for having nothing to (de-)serialize
251cc7e85733ef2dd61d7b47f90ca5a5f4a69420 [CodeGen] Change OnPortValueChanged code to use connection instead of port for getting values
bfe017c980d99e0e9f729ba7c0eae2607f5de186 [CodeGen] Add support for optional (de-)serialization code
7321d1c6de90e34d7d93b64118cf60948b3cc9f8 [UnityCommons] Rename Min and Max to MinClamped and MaxClamped to avoid confusion
35c0e679db2e8105e90f406cf5f2a0883e643dcf Convert geometry primitive nodes to codegen
41b1b60e982da188e578e1563f9c2ef149416ac4 [CodeGen] Add {other} macro in custom code
ef152d24ee609111e21144aafd4d69243660482c [CodeGen] Add support for custom code in OnPortValueChanged
cef2391de41631848cad6813f93ea838676b2f15 Convert point nodes to codegen
f02f39535d30a9f792745f79f721321feee5dd7d Convert input nodes to codegen
bc90452547e129d9f556901320a107507e71d0fe Convert float nodes to codegen
d5a83028f8554fc5f7eb891e992f837a70af92b7 Generate BooleanMathNode
d0461980f0fc44cd02f90c599140ce43fbd0a5c8 Move generated code to _Generated directory
33b3eb23f3f39544aabac32d6bd580bc0c2bfffb Convert vector nodes to codegen
212c274565f58701ec2f75e1c85a7abf4f0e4bbc Convert Integer nodes to codegen
6b06e319830952e1dc8e75e0b4b77d9b1cfff8eb Add settings to disable equality checks in source generator
53146112a35fc559df9b3a6d4bdcc51cf740b778 Cleanup Code Generator templates
73640742396ad04cd82b5001e97cd3bd73fa4e7c Remove BindPorts from all nodes
3787a4fad05e7795d796d22604f62610a9221841 Fix UpdateFromEditorNode method names in generator
75ad01585adb244ac815ad2070aa87cccb9111d3 Rename Attribute namespace to AttributeSystem
171cbc984db64f858bc2fe4a97bf86cd476f4e38 Setup code generator
aad1477f9caef4f5c9f089317f038aabd87d4548 Add CodeGenerator as a local submodule
cfc298bdadec9c31c8762a1af8d41ca5b5e85666 Merge branch 'develop' of https://github.com/TeodorVecerdi/UnityGeometryGraph into develop
652e56c2e684954ad785ca3a822ea38558d5489e Update README.md
0c2583653521a79f5d58ef4e9cdced1c8b97bd4b Add Vector Branch node
65c43e26fdf93cf976f7cbe15069046602f60e5b Remove unused using statement from FloatBranchNode.cs
e379480ec7cc6c65f34528cb18096cc7ca617401 Add Integer Branch node
696ab2685dbdef65d88f4a6cdc0f06ac8a0c0df7 Add Float Branch node
db4beb077bf8bc3bb850fe5b8b6f7dab3a0eb208 Fix some UI Elements not hiding when node is collapsed
07515485c5ec69d2067bb4cb483ee009735f1e91 Implement CapUVType setting in CurveToMeshGenerator
cfa42c498fde911d3f80eaa3ad5f3602f9caad97 Implement CapUVType setting in CurveToGeometry EditorNode
1c25787bb9879bdadb3936c8a2533de072973244 Serialize Cap UV Type in runtime node
e855a85a48110486e999fbadcee4d1302f28368f Fix incorrect setting in CurveToGeometry
2febcd7d5a40837b231a3205bb606a0fca216c8f Implement CapUVType setting in CurveToGeometry RuntimeNode
da9af5c7a970cf11cfe4a4c434b39b8939215fa0 Implement CapUVType setting in CurveToGeometry
83603cffc1ba384b5abdfcef2c86e50e9f64d303 Add CapUVType setting to CurveToGeometrySettings
429a0ba3f96aa412b26219c3f623521e2caa5fbe Implement world-space uvs for caps in CurveToGeometry conversion
f59869b6cc6881681607c0f9fec9eed9a3f91bc3 Add experiment with generating world-space uvs on caps
b976c6856ce6f9ba059b1403ae4a180aac78f773 Add new checker material
5d1d4c7b5e913be9ca575cdc1c9e43d15c14849d Implement TransformCurve node
930f9479264bffb5f49c5aeb9bec6fdb7798af6a Add internal setter for CurveData.IsClosed
844f7dd7160f03bee93f1a399b15a2311a3cefc5 Add CurveInfo node
499b41f7ecd31ade2152bdf16a1369454fa86e7f Fix namespace in CurveToGeometryNode
9540da1871ec19de921a44b3241cd532fb6f06e5 Implement CurveToGeometry settings in Node UI
ca2cf208a37b7269bdbb8dd4db60b4fcec159d33 Add CurveToGeometry settings to node implementation (closes #11)
c8d6ab628a8737ce8ff6d3036c053f8a56d43efd Cleanup TODOs
a2d63126c8c9c760976cc39db4b60754e27e518b Update snitch patterns
f4ad07127efdf698cf0f094d757feeb0e42d3a39 Add TODO(#14)
d129b1bf5d652c3038b80dae0a7675e78a3d70fe Add TODO(#13)
bce0a950951e1d0607f0a9b512d3053b3f3dc229 Add TODO(#12)
8d294b1b5875abc32f181e2ca27beb907f59dcc0 Revert 'Add settings for fixing incremental rotation ends'
7348d42eb85a20130d8551055cd6ea3c68981e11 Converted math_ext.wrap to use math_ext.fmod
50cad2e8f16ab1cce6ab9ccf1517a84e9daf120f Add settings for fixing incremental rotation ends
e8888b393aa579c7cbd74d2c26ecf6f536c616f6 Add tsoding/snitch configuration
9aa3e7b75ca1a8a7d3ca7b58b7d526c6f978bcf3 Add TODO(#11)
5e688c2dea057751a14b0641d17ba39e159de5a8 Add fmod extension method in math_ext with negative number support
d04dc0a28cb43381f6ea4bc7b1d912cc20478928 Experiment with metaballs in compute shader
8977b0c523d3ddf69dda500118a5f17e961ad6e3 Experiment with correcting rotation offsets in curves
1591107905810cf8734e868e16f9085318d57be9 Fix implementation of smooth minimum
a0a628090b650a1bd42eb924a6a3d1b29603a9a6 Add settings to customize curve to geometry conversion
8e124d97d40a6babdb4436fa73dacb43c89d95bc Restrict closing caps only to supported curve types
f9641c6dbbc80ac0229ca19e22aef168241b0de0 Remove old graphs
b15a8d282bcc62610fe1e589fdec02bda7bd696d Remove unused using statements in project
49ed6c11211b5beb5d4c24fb8d98006342b073bd Move ExtraMath methods into math_ext
e65239c6cae9b0d90b8de70062f55c137a4e0f61 Rename X_util classes to X_ext
c92861424dbaff2965e59e081f84230f5d20e5b4 Fix UV mapping in curve to geometry conversion
238d738e80bf4ee13157b129af792a9fd5788478 Add float2_util.zero and float3_util.zero fields
1f951f85359a43a63f394ede00141084e2e39aa0 Fix flipped edge in closing faces
cf489479a0cbd9fc6f802cb3c7d906141154afb0 Add debugging for edge adjacent faces in Geometry Debugger
57cf94810e595d77cc532a10911bda36f834322e Take into account if curve is closed when converting to geometry
50c46e0b74b94fb5eefb0c94812078d65f206488 Flip normals and binormals in bezier curves
b87ccd8d8dccdd535be3b72977aafa0128f93e24 Invert faces in curves to geometry conversion
c14868b888858a72a00c6bc098d2f2c63b6cb4ac Implement generating caps in curve to geometry conversion
4fed22f17bfeeead23fcb81e9b1ca853bb731908 Update project to Unity 2021.2.0f1
5781494e0d51bef4f40ef474a17af6c4ac80875c Change assemblies to be an array
06feac3734efe336274a509b3e2daf588d2b01f2 Update schema to allow more URLs and any assemblies
2e71274a4798141da51e7df86b8f179043be2ec2 Add description to assembly property
ef1dfdab72871a27d2d51b8c7976c56d022f0eef Clean up schema and add restrictions
392d5b33e40b2646384790a22765528e54692f7e Update example in module schema
b15073ef51a74756e1ce02c6efa328be80998fd0 Add assemblies property to module schema
dfa8523bc3f26078e40f5d79d5e1495414c0094a Make description optional in module schema
2997d2e569f5587e9cce3f224a094ecef13305f3 Create demo graphs
0afe4a7a6184ca544708bba470695551560874cf Add JSON schema for module.json files
1da2b1f6a31a8faccd2fb1e0467d1ece07ca2a1e Implement CurveToGeometry node
d2d8e6072b82ae84ac77b923a157e520dd84c22b Implement converting a curve to geometry
b06c8bc1aba5f1e174886cf5c4b2af947878d6a9 Fix flipped face tolerance in GeometryExporter
4f4f9354604ee0284ee93057a8dc156d6d1fd904 Cleanup code
dc712be7d2658dd37110e490dac66ac5a916266f Add ICurveProvider interface and make CurveGenerator implement it
ee0d640280f1cac92576a966a22140d6cd95ab12 Add CurveData.Empty property
8e396fc5ec45150698a6bcadc0478f266e4b4014 Change GeometryData method to take Lists instead of IEnumerables
3aedffc17b9f3c7b1e218ce74809608f30bad08a Fix IntegerMath return value being float
95f06673d2cc8c672f3cc808866cd469e87d8401 Prevent curve generation during serialization
841386d2c119b3fd0078ba19514f5602e68c5188 Share internals with Scripts assembly for testing purposes
82035d41394f7538e15c3c4e31e0655ced0928ba Add .InRange extension methods for integers and Index
ced100d930b69abd69158a016e287532940dbe1c Add float3 to float4 conversion ext method
32ded78a5fda95ca6b7b497284907d0264a13154 Fix broken dependencies
8ec2a9eb24aa44f3aa2b44139c509a8449153751 Update project to new Unity version
581590cd38bbbe9d44e91b4d02167189f6ec9b42 Add Lerp to Vector and Float math nodes
847d872045a6ebb7fcb14d076281983979111cff Adjust default number of points in curve
ff2b5d8a0b80753194625ca7c39093137afcc13b Add curve port to Output node
ee57e09f2c6ce8f86d4cb3f7baae627697a9629b Fix HelixCurvePrimitive node category
0ab3caff7ea26df33b356f9d32df276505f6b3f8 Fix category of some nodes
a02c5e326b8d3233201dd216753accdae5d42fd3 Remove old unused class
1ceec00f3fe7484a5c4fc98c9a070f83f0e41651 Implement HelixCurvePrimitive node
0d9d8295f92b42f3a479bd5adfb723661a14dd36 Fix curve port names
0730030db54fecf47ed0accf3ebf143960077514 Implement CubicBezierPrimitiveCurve node
ce50a1bc534b1366736beccca2b3958afa424f64 Implement QuadraticBezierPrimitiveCurve node
13c771ca84add67d1f74eb6b703ac708e9885578 Implement CirclePrimitiveCurve node
32bea90c6d5e3afc4ee3fe8db9ac8bb66ce1dd2c Add MinMaxT data type
6682697a779994ab4964db9dc5035bf896689340 Implement LinePrimitiveCurve node
2b7cd043ab24c87df095b9bffaf0cf82dc2ec99b Use ClampedFloatField instead of FloatField where relevant
e2fc3621a113ac262e6c6b0fb6c3828126660571 Fix ClampedFloatField leftovers from IntegerField
b7ddacad9fb650f0ef38f9ad01d9474c8dd33c8b Add ClampedFloatField visual element
d89d89e2aa960652ef9e3c0037da85bd0dc4f05e Use ClampedIntegerField instead of IntegerField where relevant
7026d3926a7ee9d566c835d9f442356a78d0c3ac Add ClampedIntegerField visual element
07a212940eb26174103089936af7f6b4b1d9dcb6 Remove Position argument from InitializeNode
92814b9072746e374f60c12d7ca9e9c7e62dfebc Cleanup node styling code
1b572169acf6fb66d8be1b943dbb912f75c4a4e0 Add new port type for curves
a458226de5f91b9e7a2a643bd0815ecb856cedf6 Implement (wip) curve visualizer
33e3aea703156e04f2f9d615c93a4fab7bd6184a Add API for generating primitive curves
70fe6740375637b0d32e465d3dbded8d50980662 Implement Helix primitive curve
05efb31f6efac0d1bdc1d3ff1a5f85b6ccabfe4b Implement Cubic Bezier primitive curve
e762afe58da551c25397846a15094f3ac15a23da Implement Quadratic Bezier primitive curve
6cf0389a699483ced749d4e7f6ef9b43ec4b6925 Implement Circle primitive curve
30fce53ad3f2f89629d4e73bf63d3a2c81c026f8 Implement Line primitive curve
83886a4ac0318d43b848d65ce1d9da4f3b589298 Add interface for generating curves using Burst/Jobs system
b4cded83bb73d14b0d04539371f6d221e57ab12e Add base class for primitive curves
8f9bd9286312b2689e1829310b4c5eaa8500ef83 Add data type for curves
4c1b0b45e986d516ecd336154e987bf41af9a8fe Add CurveType enum
ad2ff57da79e240f76b6bff468e6a1350025ef44 Add constant for two pi
b5aa8a371b9ad3ab8d027508e2f0f66176204a36 Rename Primitive to GeometryPrimitive
83bbb541d3995a5b2fbea1fe3a869201e7481394 Add icosphere node
a40f021cec98d0ac82d6e395b2aaeff935d1e742 Move GeometryData.Empty
5a112471474d3860a81670f821ab4a9a33354e84 Remove old dependency
c92bc835399785dc6b90b36a009dd03775670a32 Remove outdated comment
6dec05f956786a404b97c62880e58fdeb2fe0075 Remove License
0157b8735d61c37e5d5170056f5821e78c5beedc Cleanup code
6bc9afedf88dbf669fc4396aae60b4edd4d5785d Split GeometryData into multiple files
d1312a4fb03f501ca7986a6c5f86a9ec43e9cf34 Remove old License and Readme
b8dc8e980b4fd071207a7b15d2ff2f9e23dd87e3 Change ctor access modifier to protected
5f1d7572f1dcd24a8c62b37f91921388596fdb1d Add back CalculateResult in TransformGeometry node
24e6f164618604aff09692696bc5c129eb5060d3 Add OdinInspector to repo
639e1473a4e12e5aca84b45d2846f11dd4b97f10 Reset geometry when ports get disconnected
5ba2b58f765e66e30492684381d2ac0205b2242d Fix bug in MapRangeFloat where I was getting value from an output port
fdce3ccb62cf8f5de3f854f088672bba41791a39 Prevent graph updates while asset is being loaded from disk
ece33049cb489d0a3a3aa551d0fa1f7c99255212 Cleanup code
7d2da25cb98635b6f325de559d58ef8d1206c332 Rename simple subdivision file to match class name
b0e8e30c8a126393d7dc8c809d83707a2d40e526 Fix attributes not being deserialized
101c88139b05f9b5e1f7d94f729fdab31c0badd3 Add support for requesting multiple values from a node
caa6d2b83c56720da72bfb7619b56e8b317a9866 Fix invalid serialization in nodes
40f059a79ad21ee0a526e57847d0e02d4945cd71 Copy/interpolate all attributes when subdividing
962f8fc3a53ed0ec13aa8823a8fc0187a807699d Add support for getting all attributes from geometry
1a35e7f11ee4e4497bfc06afeb321f23bc55ea7e Add annotations to some methods in GeometryData
45538a7b07ae2e2bbe112a0a0e7fca29e6186b59 Add support for nodes returning multiple values
f657cf2328d51169711704ed3d5a81767b5736d1 Implement Rotate Point node functionality
7b1c37ff340e9e106ad5841010f9d434adc65c51 Change YieldWithAttribute to allow attributes of different types
cbee84bfa2cc686cc7c7768c125b84ba347ef5ca Implement GetAttributeOrDefault
88ab715a4f392bbb40aae22bcac1c67eb0b419f3 Implement view for Rotate Point node
26999c007e6214020901b7caa2819e911353246a Add enum selection toggle visual element
dd779e34dfe41da09dfc81266d2fa4ff217da687 Implement different UV mapping for Icosahedron
103b7ea989ed81337f569b88f22d8b26d148a2f1 Add UV test texture
ccd54919948ba0dc9ec3199e829a5b2d227ecce1 Add face corner debugging to mesh debugger
ac97d7577d5164fc4f1ec219e5c3c05d8082b224 Add icosahedron/icosphere primitives
8a7197fe130a4c5a163e005067cc4d4aefeeb7db Ensure Transform Geometry node transformation is saved to the geometry
60d182e871f79aee3b976ad25d956274bab16eb8 Reimport Graph when closing window or reopening same asset
67e6d4cd59ed9f588f979a0221630e5594b8b83f Update Guid on duplicated assets
5ca94c14b371ac64b0722dce06a7a89cf24ea60a Recalculate AssetGuid when loading Graph
bc3f2709f97860f9b4b7cf2ac8293a9ba75c66bd Fix desync issues with runtime graph and editor graph
e6bca08bd3f7937826150ee07453487633301c50 Fix UX issue with cylinder primitive node radius fields
ca4763a700530e04f5f408dd5109f62281d93b2d Add Subdivide node
83e9b8adfd072d88fe7909de979615d606a68345 Implement geometry subdivision
bbe7e4aaa0930100ed62514d1088a730f1c71d60 Remove unnecessary casts to GeometryData
59ba1c9cd54e28ee34551e75d56f381ba43b93b2 Fix invalid edge.SelfIndex after duplicate removal
7647e4345f73a96b36b9a31a8fb44aef986d82a2 Add check in GeometryExporter for null uvs
a04290e6d4cd6973ba4e3efd4095eb22571a55df Implement default values for properties
144a3ed7945b6c89f6f4d7ca3b66e3d968247e7d Cleanup assets
4d2eb6227348a7b3e76a3c472ef9684254988ffd Fix exception being thrown when deleting the graph
eb8478c79ac5f940f5c736eb8ca92fbb65eb88aa Remove unused import statements
2aa825485835e4756d5640aee4b6263bec077e0f Fix connections not being removed
921416feb2602eb49c904453fc35ced37e84de2b Ensure at least minimum points in some primitives
759dd2a3e258023915b9ef02eb1550fb24b3aad5 Fix attempted cast of a boxed value
598e6b23bb9f3a00d0362681437d1b3faa9cd81e Notify Runtime node when backing field is re-enabled
6da31c49fdca9ee3ff2c7aa057c3a6a01f042db8 Add check for null key before attribute lookup
5ede043c0eb02dddd00a387a91d0603e87388c70 Add Scale point node
22e02b795b5b3a2b48d2d4a6c9c5b3b679f15fa8 Fix incorrect removal of connection
12a3e597b16cdf27607c8c61f9d0b9558515c4b2 Fix hidden fields shown when a connection was removed
efd2b0804332e368383e54927407707723e6e953 Add Translate Point node
4077fa232c6ea61811b1bac28bc150b056066de1 Expand Attribute API in GeometryData
42d2442da85e2a26e460cbeef60d29323b13af3a Add non-generic variant of creating an attribute from an IEnumerable
a70d3a156962914627ad931bf3343a593f352058 Add non-generic overload of ConvertType
180407fd47aaf8ffe45d341c7b60ddde7ebc2f32 Add utility for converting between attribute types and system types
1b26114e33ed0515f3584c77352e057596cbf1ae Add string port type
340a0cc71b9a63b9d209917433b7846c6ad4a326 Fix window dirty status comparing compressed with uncompressed graph
c5d4a8dc15a71629aa6346e14e30152dc99c32de Implement compression for graph files
75464da166ded17cade89868f550d0bd211cb446 Add LZ4 encoding dependencies
c783e585fed840ac0d6cbdbdffa8faac6089579d Fix modulo function
4125da025df96135733ec62b7b1bdcda3b24e755 Add bounding box node
ecff7245824a51241c84f5f8d1fd6f19802e039c Move primitives to separate class
3cc4cf5d13dc0667406102e8d26d2bb4f5e349af Fix index modulo for negative numbers in sample collection
8d525b5e9e68533792619accaeabaa2f8428f733 Change type conversion check on RuntimeNode
32b7223efd7e908b3d7c3f04dd117a85f0bca02c Update graph after setting property values
d05aa88ad8007f3172a939ac065fb004e1cada81 Add Sample Collection node
be96c7d124259db8c06a05b4f27dbc9916d5bc5f Move primitive mesh nodes to subdirectory
ef0ff067da472b23fcb20ce29b693dfed67da5be Merge pull request #10 from TeodorVecerdi/feature/primitives
8df2973f274820c0041e220dd4b72055ec899f1e Add Cylinder Primitive node
5f029b438a78cd11a87b5bfc5cd53c210a0dc30e Fix floating point error in geometry exporter
d2d5570376fec3b76f2477729774bb87bd5735a8 Add Cone Primitive node
5cddf87d41a9f080f83ea36e4468ece4e911cd48 Add Cube Primitive node
d7ddf864664d5941ec2b0aea9861654619558398 Automatically decide triangle order in exporter
721850e58b7b8f8d13bc620e74952597b87b22e8 Add Plane Primitive node
fb9a6dd09ab78a5d41fbe3b9e37490280b2f00ae Fix UV order
99c1cdcefc53737a178fb3637b30860350a149cf Fix circle primitive vertex order
66aa29f6b2d30c0daaf2b55cc6204bdcbad578c3 Fix runtime node GetValues returning duplicates
925f166dc60056ba6f0f6f03604ed2322058cf82 Fix GeometryData ctor not initializing attribute manager
4f5dc7d4202f9e9f08c4914726b7c8cdf47bb742 Fix geometry exporter expecting a specific face/triangle layout
a0f972dc6b13216625186759482316fec4cd697f Add Circle Primitive node
9ed49dfe058bf1f17e3ea60fab16143d430a5ea5 Add Circle primitive generator
262528a4fefef679c63b646adeb14af335b05227 Add GeometryData ctor with elements and attributes
5b5c03467c79b1c1f0fc325513cc0cfe6ed72151 Add Modulo math function for negative numbers
facef6ccb327c570af66d2db813a30d26f9efa5e Add Vector math node
41af89f4e6274e2ab11c49d61f9585b0cc4cc571 Change node titles
0f291a8c1ac3d0d39aee1d50b7cde99962add5bd Fix incorrect port types on output ports
93dea5d1612c70a1d305750af2ffb26f9d7839df Add support for custom DisplayName overrides
43c61771865f3ed8fb9e48729b55f3282ee83023 Add support for underscores in Display strings
fa697453dd20a7da4e8e39c6439e6ddbc3666e1b Fix backing fields not getting hidden
7bac1a3e9d280926f4a2d7ce8b8c00c52565d3db Fix incorrect rotation in Transform node
2bc69a1a747ac1058253e4377465fb2c6637fefb Add RotateVector node
255fdd4f11a5535f62443c41e5f6b11c2036b20b Add uss port colors
7ee3838b1a1fc7d8e480d3b90e052029caf37eec Add Split / Combine vector nodes
fa950a1cdec159eb7bcff012ac71515d9ef42d19 Add boolean math node
aa043003ac866fc316cc7e811b3be2c7885dd41e Make port type equality asymmetric
a02570de2f05a3a188be48021defd508d676ec6a Add support for port compatibility with different types
3f7a3382ca91e0af00d215d8ce879ee69cb56fb8 Add port value conversions
3d94ee5412d4fd54c97d2a934d59b29dd0ee1db1 Fix searcher window not showing compatible ports
0b51b405814d24e10953a069d4dabcde274c8ab4 Add integer nodes
24245920b7d2d7914ae704a66f718a2cdcf169ec Cleanup selection tree code
155abb4abc922c177869e4b7209096b876915cc0 Fix incorrect width and height calculation in SelectionWindow
38d66cb270befe2f4576e14bd7de6c5910e17200 Add float math node
f47c8b51df42bbf4f5cbb69d4a8ae878a85546aa Fix ports not updating internal values
9d50d1371e55055c57ba096f6af1ca17165ad990 Add Selection window and EnumSelectionButton
098acb49a86ff8a339e12095da571fb6608861bb Implement enum dropdown window & button
a1d2b29be0f0a74fdfb9838e9033990d1127d3b0 Implement Compare Float Node
bc8c95de54813f3fe251d6e6040b426443f55709 Add clamp and map range nodes
3f44090894b0ad51e945d1eb7bf56daaab991405 Fix UX issue with ports that have backing fields
61fd336927f19638d6e44fa013a0b5597ab0e11c Add Random Float node
8272740c7b0dc0ebfe706328c3249b81514c5039 Fix smooth normals issue (closes #9)
b6e5e4f39a2834da246b05872195925cc024a9a5 Add input nodes and fix serialization issue
c6afafb68cc6f8bea755663304f1fbc9ae4c68a5 Fix normals not getting transformed by Transform Geometry node
b4efe8f8dd2bd435529608e2074ff61994c3a7f2 Fix edges not being able to connect to collapsed nodes
e4ba039733b96b355a8af05dea9f9172e5160d8d Add default value to scale port
e7141b642ee3f108acb2d61a138ccddf87b5f2f9 Add TransformGeometry node
8a15755d12eb8d97afc347733f5078e520e0c62a Cleanup debug statements
d5222727c5d5bd1b7cee8717407e761dd63803ce Add Integer, Float and Vector properties
0d411b212a21b6a7efb457c863dde9738a724839 Fix RuntimeGraph not being in sync with editor
91d87a14822d8523c86ed0284293d8c1a5a10b76 Fix asset being recreated on load and becoming out of sync with file
fe5498926a972a491fdee506cf08bea0f8235f83 Notify GeometryGraph of property changes
6fe90f2b013529d6a5fd469aaa26e4fbb1382b9c Update to Unity 2021.2
ffd2592b7d71fbad4efc63d17eba54db53495b2a Implement having multiple input connections
12e36310bad3abefecb5461cdf6c38b0fcd8079a Merge pull request #7 from TeodorVecerdi/feature/implement-runtime-graph
e294374e8af066957f575c141d1cd732be40cf36 Add JoinGeometry node and remove all old nodes
d33482f78f92e819ee6ecd17e7af4c7cffd08660 Assign properties to property nodes after deserialization
ac321680e141eda5f37de8390ab3cba9add5e4ca Implement custom node data
752efde507d9ac12a1444ba6dca122904edb91d5 Re-link ports together after deserialization
f77ba83fc7401e642f232cbb9da6b06e44daafad Rename OutputNode port to Geometry
9a08dc91f385a0bc86acca875ba8a0921d0ce71a Add correct prevention of cut/copy/duplicate for Graph Output Node
e0955b62c0b06622492db29853b9137ec95dbfdd Add output node and ensure only one instance
9af0b607fca546d64426071d6a36678c3600a4fa Cleanup GeometryData and add some explanations
82a0c6c25bdaddff006e064e27c44e8be97bc8ed Add monobehaviour and inspector for GeometryGraph
f0aa960cb55b7341f497dab0935885ac5c267d96 Finish implementing property nodes
02fd0ccdce43598ebcd6b2ec47bd5bd7576c461b Fix property node code
9daa2f5be2751d813765b29ca1f9ed78abef885f Finish runtime graph parsing
701d1332fb45c16391780e9f0072189463403ea6 Save runtime graph to disk
ffceb3e37bca311dedc84bbd0fffbe026b9a17b5 Fix description and URL in package.json
1727fa1ef2e4059f8edd2ea6f1c27e93dac4edd6 Notify runtime node of editor node changes
35c5108a6cc4c56b427bc9860ef7485ea4c344d9 Notify runtime node of connections
b44c46027854d5c5fe62411d139f0608abc3c169 Change runtime port creation to use static function instead of ctor
414878f3e8e26ea95da13b2618a77582439f4689 Bind Editor node ports to Runtime node ports
98ec388e644f132c13a1bb7b12df8d085b872410 Make ports of runtime nodes public
2267a28c3fcd6725c476463aa465c3f153c1274d Remove unnecessary nodes
55fc8484ea9f6c17579785c6aa70f4717ce56269 Make AbstractNode generic
f84237401fd1644417b82656018eb672daaf7c7f Remove cyclic serialization in Port and Connection
bdd01da4c4b48254579734c4c645c8abbbdbcd7a Add basic nodes
ec03098b9358fa083f8afcd71faac73a6a2a2c06 Copy code from Editor Graph node to RuntimeNode
18c6d9b6e4c13594648ad7f7a75905926558e926 Move PortType to Runtime project
2f7e0e0f3c18bfaa76d1b855f6961d5bdacd21a5 Cleanup remaining scripts
44c6ccecc097640d4b53a76f06211bef7ac0c0aa Move tests to Graph Framework
375baa10ea8e410041a744491bd8025970db324c Remove unused import statements from all files
23350ffed646afed23ef55e4134d3a10742359a6 Add missing references
24f169ddab4de3a126b3f8d2a35cd31d88c6e556 Move geometry and attribute code into Runtime project
fdc4c41ccafecb16cce2604a4800f4f8985d611e Rename Graph Framework to Geometry Graph
f0d004dc9df7fb5e5095b9c8cf6d5835c752efe9 Fix normals not being correctly transformed to parent local space
af11ed4e277edc4e199810b5ef571846aaedf5ec Fix Debugger not properly updating after source geometry is null
6ac64568bd226f7cd277a0ec53307ef96d02dd6b Implement GeometryCollections
b82136de635fe08c447032e155a9f57d03007046 Change GameObjectProcessor hashcode function
1d0cb1fa9ca59fac0b9c8843e5e04a7949658517 Add GeometryObject class/importer
70aa3447cacf3506a4fafe7f0cf5867d35d5567b Move temporary MonoBehaviours to Temporary folder
4ff3881c4493f5e5104e3d43fc0d94feb7b1e469 Make attribute merging non-destructive for rhs
2adb63626af4540625f87a72937abf494824e6f4 Make GeometryData cloneable
5d5fd311407e3639e891972b29062ca1550bfef1 Add unit tests for attribute cloning
eaa490a5a2b462fb004507e1322ef5121d6c2a61 Make BaseAttribute cloneable
d08b87e65d317692b29333dfd7441a28361adb00 Make metadata merging non-destructive for rhs
8e6a085ce32a89518f6c3133a307739e4fa16800 Make geometry data types cloneable
c066991e4603f84382aa919b6978f21dc5884021 Add GeometryMerger script
aaefc9d7a652ad1171d86a308007e3c6bd3a2da1 Add IGeometryProvider interface and apply to classes
b4bcbf29c832bb7d197dc9dfa3bdc6e452bb27e9 Fix geometry merging to allow merging with empty geometry
19ecd60e1206352fde325a7f46d8b3eb7d02223c Add constructor and property for empty geometry data
17ccd5179f098537de61d72d9b9dcc34b0606af5 Cleanup code and folders
256f82374eb6658e9fd679104b0d153e49ccfece Implement merging geometry
fff28fa0df65adce28c9f84277de9d8aa80c8636 Add HasAttribute method without domain parameter
6d077d847f1f785fede4c840615331aefac06c59 Add HasAttribute method
582d114e5af41523884616728dba17b4fa0562ac Add internal read-only getters for attribute dictionaries
1390b4a842a19446477a9ec121465b6e3b52d016 Move GeometryData types (Vertex, Edge etc.) to separate file
1959ecbef8e32e2fb6aaa4a184a6fa13e601fd92 Merge pull request #6 from TeodorVecerdi/feature/generate-mesh
ad7f117750a797b176068274049c139c546622dd Optimize and profile geometry importer
711148ece8a73f8dce43f619f0806a8afa264ec4 Add profiler
d6d0ada00e2d68c1152374dc1578ad947790cca2 Cleanup code
66b726d8338b4ea76e07a24af50386d5fe19d31c Optimize RemoveInvalidDuplicates
a882bf2bf738ea70a50fa33a8f37f61b1fcc1cf2 Add FirstOrGivenDefault IEnumerable extension
448571515d79c5d09f51eaed02e46e1a150a9aa4 Fix issues after merge conflict
b7008b7fd50929dc10c1fe05344df2fbd7cd30ff Optimize duplicate edge detection
869b68787541906c9daae2b87305d14d07e219d8 Merge remote-tracking branch 'origin/develop' into feature/generate-mesh
2e12b97801f2b7fd42b323d00ea9b6cdb87c5090 Merge pull request #5 from TeodorVecerdi/feature/add-unit-tests
bcc51c44310ee87766a7eb9a8670531ccd929b2b Fix normal artifacts on quads
9f1096b541feac82ebdd1d05c892c1830724b56f Implement smooth shaded geometry exporting
98c765564486b84ddc295c88ca84f855f21dd781 Add submesh exporting
cc30e82b5fc542b1586cb93fd9a4f455cb2421fd Add model to test exporting submeshes
6157ad7f1e28b57a77189d83e90c13dcb7c6356e Implement sharing vertices and cleanup code
5cf2e0d0393b39fd63a23031467ea8704d6b01b1 Add model for testing exporting
5176b57a341919b3592db73df3c2a8ff1fb1099c Add basic exporter
b94f854ce83310708ab3a68ac6c07dab23ad1014 Add models for testing
e086543d5893c0a949df15892819259a4e7cf981 Fix some BaseAttribute extensions that were not converting types
a9e94abb9c851821b2817b2cfae55298abf3f72a Add unit tests for Attribute.Yield with type conversion
d9810ad0ebfcf3608cef202a6011f89b4bb7e950 Fix incorrect vertex remapping
820514d1d20b9ac6ae05c32ae92e0539cea5404a Change BaseAttribute<T>.YieldWithAttribute to be consistent with ext
48907109ddee8a451fcc5980243ed019ac6fcb52 Add unit tests for Attribute.YieldWithAttribute
2fff725fca36c611888ed0005369f5ada13ee04e Change BaseAttribute<T>.Yield to be consistent with extension methods
2ae9c0d4702f6b6b43dcb49ad32bc6896ae4446e Change .ConvertAll to .Convert
3a0594468e936b2b4d781bdfc0cc9c1f37ccd18d Add unit tests for Attribute.Yield
b545b801d4296d83bb02cb891e2329eccc9109c7 Add unit tests for Attribute.Execute
4457bdece08e9502aff79f74ee181e2ced9cfa7e Add unit tests for Attribute.Into
36b265ed9f295ab507f0be68913808c77cf6f4b5 Add serialization test
dc093fd41401e8c44c9cc9e598edb8ab2396756d Add clamped float test for staying clamped after conversion
3717c1940188ca1af8013442e37c4f0a8df426ea Cleanup folders
c3e45a2d9c38a4c71d9c0f178b826470bba53a17 Add vector3 type conversion tests
9cdce886f90d7b7f5e0013b01ff40ab11fe6e666 Fix incorrect conversion from vec3 to boolean
a1f91c5aaa375b04014976647ac840a5204ba927 Add vector2 type conversion tests
44e87635244afabb21a13c4bcd6075d4928ae75c Fix invalid types returned from vec to vec conversions
a399dc1be99d28a55752154d180cec67455b02e9 Add clamped float type conversion tests
8384f219135998f3b5caf17c499c03ec13b1162c Add float type conversion tests
2984f6e8539181aa43f6c0ef64ba4828d8ab1ea6 Add integer type conversion tests
4ce82eb1109176a1311891dda9e85c5a0f742ed1 Fix invalid type returned from int to clamped float conversion
e5a59c7aea3b8176d4db7bfd7e4a62b6af915594 Add basic performance tests
88ffd9d55f7d70a2000385276e8a431e3fdd1050 Fix invalid type returned from int to float conversion
bbb85076df24a5b64d149a31f9eb57a8c58d00de Add Boolean type conversion tests
1f5dce8b065d3538a231aa3b299c31083bf6396e Add basic tests
121ca24b12f3096d8e759b534e1d535653ba1e72 Add performance testing framework
460e06f6b5b82f4dc5f104bd0ea8d0eae2957f6c Create tests folder
2b339e315dc966bfd6e1afaa260607f0315a7dc6 Detect face smooth shading from mesh normals
b6c1ad4b916f326638d0845da748bb71b0df0b60 Add more debugging options for face display
6e03d4cbcb9a7e7ba681f5cbea5ff6383f4c8de0 Show microseconds in importer time
68fa344cb0ab81b7bc3003e23232bd4568ef149e Fix incorrect duplicate removal and remapping
675f433d542dbaabdd1f07479862e72a02b69f34 Add smooth shaded model for testing
de5b8e676e414a70a43fdaeb7d1305a22526238c Add correct namespaces to classes
75df8678a0a3785e9687ee2adbbae355d499d5e7 Add submeshCount to GeometryData
2cd49c663415030d63624c50390fa25175b64a25 Implement importing all submeshes from a mesh
74cedd1701352deef3191ae3dab4d9f883e6e5e8 Add script to generate quad with submeshes
9c2007f34be0bafc56388c98461774ace77c8284 Merge pull request #4 from TeodorVecerdi/feature/domain-conversion
3afc1a010e464194283c35e5a0f88454654f6ae7 Add domain conversion tests
82f1c91a86563f40509556b6ccf11114a30ee8e4 Fix invalid edge index
f1ffef6b97c5b16a0d7bfcc5f63ef1b9cc32a417 Fix invalid cast in domain conversion
8850b0cbbf23936fba9955f1b5bc621fd21fbbe6 Fix Invalid cast in Fill<T>
96f76a9ad275575394c28a5bf3db96bf66ab8fed Split MeshImporter into Importer and Debugger
0eb34b523c090fa63c51660176feea5a2d85f205 Finish implementing domain conversion
906e85689dde7c9e7e10b6c36c3fb05dc7114d78 Add FaceCorner to Edge conversion
0f9c6eafca5885f8161870c45b6d990ac793d040 Add FaceCorner to vertex and face conversion
101eeb80ed7f298b75f770b1507d19b40ee88fe3 Simplify getting attribute values
8d172581d3db3930ebd70fd5a357216010dac34a Add FaceCorner metadata to Vertices
f3c368fa3091145fe698b73806b036663ff1b781 Move float3.one and float2.one to their own classes
8531f9be1776117bca725ada7950529bd297db15 Cleanup SerializedDictionary code
f210e36fe8b01e803da81f4913d06340c465fd66 Rename SerializableDictionary to SerializedDictionary
5afd8ca8948e643cdf358ea1e422b2dfe1963c22 Implement Face conversions
5ea184a1e5018b8efa72257c37a40b282a7dff32 Yield the attribute on domain conversion instead of returning it
1ebf7335e3c1f1dc75f220ed474b27b2b7d8fcb2 Add non-generic variant of Yield
c9f948ea67c35857346aeff02470fed8d0df44d6 Rename NoOp2 to NoOp and add another Generic Type to it
ca47e9d1e86ac46c1f9e2eb5bad6b343cb7810ee Implement Edge conversions
b683b3388200513d0292d1d480c932069bfb575e Implement Vertex conversions
e52e16cd000c79aea331caddee41b529a64cbdf2 Add indexer and GetValue(int) for BaseAttribute
93254faa2a5f0b25a554908a115264d87bb21ea6 Add base function for converting domains
2ead33138a27f880ba58194d8d108f18c544299b Add average functions
6dbdac203f6077a74d6db1f9faf447be6ee98c58 Change Type Conversions to use Mathematics
af27b5ff4a341c56790b235aab5e4c0b0a2a506f Add float2.one and float3.one values
a007fa001b041e83193e23026a2035c7f0f01299 Rename uvs attribute to uv to be consistent with other attributes
b799eae74d011d478c7d0204cd64732ce5dcb4ea Implement face corners and uvs attribute
b3cd88430a867da7c080421f1052669fed0cbac1 Change math types to use UnityEngine.Mathematics
9d40a8b8586bcd4d08289e4d7da4a1b51b5fa3ae Fix naming and access modifiers in GeometryData
40660a6c28c6fa3141b855e529ce62b45173f1a5 Rename VectorUtilities to MathUtilities
1b6b04a665af5221bd781d8eca3307866ba95e08 Move stopwatch to MeshImporter
e6a5ec03f0764713b52bdee4d07ed358ea529bc3 Initialize Edge faces and Face edges to -1
e2a012768cb84bfbae827bed77f5394e4c9ef6e9 Merge pull request #3 from TeodorVecerdi/feature/attribute-system
714ab0f0fc635a230569204a57e802b5ea952f10 Change attributes to not be read-only in the inspector
4be53c5776cd081fe1293c2480f0b6fc06b4b0d9 Convert GetElementType method to ElementType property
dba4e789adfeea1bbc392aae5d77da1fb148c361 Add SerializedAttribute and correctly (de-)serialize attributes
1511384f5a0ac2d3e9add397559ebbf526d6c92b Add GetElementType to attributes
4f7a8dec6fdeeab198892acce80dd66034a2b876 Add SerializableDictionary type
83799dd8ebb2c8a17285d4664a012058172de978 Add builtin attributes
2837b6d1c5012ee12183271649d6977da3421eb0 Add spline domain
26d438c442a7bb78f66b44e477101389c971c98b Make BaseAttribute implement IEnumerable
d7bbba5f3813c18c2ba9e50d0ebbecaaaa036703 Reorganize structure
b642e1422463104954d9353be039feb8819b3be4 Add Vector attributes
3bfbbb85135779cebe9e4d2eeeadbe1bec0012cb Add type-safe version of Fill to BaseAttribute<T>
3d53d3dba80595669ff4836628deededd48df29b Rename attributes folder to Attribute
4f968c73413fd272fb2f7c99113688102531099b Add function to get the attribute type of an object
758d51e75eb74812528d47ff4b95c7e3b9078473 Add attribute manager class
cfa99b2dcfcd97b3a9b5258c18a0b96fff2f8ae2 Move geometry classes into Geometry subfolder
969267a5e3f85eff8b105c4ebbe915ad51c42a47 Move attribute enums into shared file
1eff27d851e3aa8a1d646c877a5eef05aeeaebb5 Add tests for attributes
ea3bab62448b60fa58c4d57ef06d06a8780e4651 Add some attribute types
fd60f2983bbe14500358de1dbb30ad9d0f6910b6 Add base class for attributes
4263fc703e6a7af523451322d6e7a85476c81223 Implement attribute type conversion
dd587a46b8ccdf3b73cc72d5bb708f568a8e62da Add attribute type & domain enums
6924d5b975c93bb4aa2d4d68db185d1dc0bd969f Add remaining metadata
91c8dcdfd41348765456b198822b3e2fac266581 Fixes edges not being remapped properly (resolves #2)
41d03a9e866a4bfb89177babc9c5f50a128f9be4 Add FaceEdges gizmo rendering
fa3769f7550b5b012cd06c0ce960c78607b022ad Optimize GeometryData duplicate removal
fe585b5c59d4d8037078c6e25ecf95e2f596219e Add DistanceSqr function
8524d3f4e545d86b9dcce643e2dd9e7cca3bfb3b Refactor GeometryData code into methods
0787a1445ddfbe497c8b58d15c39790af9d2daf3 Fix edge vertex indices not being remapped properly
f7715a7fb1f1c0d85de0a62d00440010181f7142 Add check before accessing dictionary
1d1cbd66fd4c0b47afce9bf292f74313f2dbf358 Replace cyclic references with indices in GeometryData
03779c219363feb1fe15734672666ab7e1d776f4 Convert MeshImporter to Odin
c642243cfcc76c024c748c7288ca651847bff469 Add Newtonsoft.Json dll to graph framework
3197f6873a1ccbfdd934e59bc985cae63263adbc Convert classes to Odin Inspector
702bc42fc2632acff128d94be96525c6e1f85bca Convert UnityCommons to use Odin Inspector
817d915a5757df5b661e038f0bede122d9d592aa Add Odin Inspector to gitignore
f8f88c34febb991db20b3e5520a12db441bbc789 Remove NaughtyAttributes
9d3158fc3ef86d01e56f45e8cc4d2e5757b62c9a Update to Unity 2021.1.19f1
c2ebaca7f3a4b3266dc7a951882e5e1c57935c3f Recalculate face normals instead of using vertex normals
3040a005e12ca2c7d3905bc0eef8821b14057000 Fix invalid triangle indices in second side of quad
c145410dfef9d95e6cfe9f401f9615b49cbac8cb Add toggle for double-/single-sided quad
d243e29a6ca8e02a5ce886a0a4277009ccae27d1 Implement edge&vertex duplicate removal
da4377331151ff6bbe90dde0ea115987c08a2879 Fix namespace
f0629ed1229f9d7114c7069952f35bd26cd5ea0a Add double-sided quad mesh generator for testing
c0ec3a8902a405c5c2791fcd7b3a590b07a11b3b Implement finding duplicate vertices in geometry
29fadddcd2836f862144dfa27accd20dca47278e Add property attribute which shows buttons to inc/decrement integers
446a607a42a5ff4fe0f681e79dbb16c4b2d1eabc Remove Vertex Normals from GeometryData
9ea0238206cc2839dee9d090b14305a7a2f3e214 Add prototype of mesh conversion
c8e63e2cce54755ba06aa3066a67b9225febef57 Fix bug with graph deletion check
9009508915917cad9340a2d7ef40810a088fb9c9 Remove unused import statement
67d12956d7d9791af401e1cea79d8318c5b6f4a1 Add ObjectCollection type
52e2f13141002664a13dbc74d51651a00fc18ea3 Add plugins/dependencies
85f6c0ab3ebca180034a7a4a98c87de47f2d01a4 Add unity project
c2861f7d4417c1071231b25663d8ad808b965a0d Initialize repository
